Release 13.4 - xst O.87xd (nt)
Copyright (c) 1995-2011 Xilinx, Inc.  All rights reserved.
--> Parameter TMPDIR set to xst/projnav.tmp


Total REAL time to Xst completion: 0.00 secs
Total CPU time to Xst completion: 0.09 secs
 
--> Parameter xsthdpdir set to xst


Total REAL time to Xst completion: 0.00 secs
Total CPU time to Xst completion: 0.09 secs
 
--> Reading design: data_memory.prj

TABLE OF CONTENTS
  1) Synthesis Options Summary
  2) HDL Compilation
  3) Design Hierarchy Analysis
  4) HDL Analysis
  5) HDL Synthesis
     5.1) HDL Synthesis Report
  6) Advanced HDL Synthesis
     6.1) Advanced HDL Synthesis Report
  7) Low Level Synthesis
  8) Partition Report
  9) Final Report
	9.1) Device utilization summary
	9.2) Partition Resource Summary
	9.3) TIMING REPORT


=========================================================================
*                      Synthesis Options Summary                        *
=========================================================================
---- Source Parameters
Input File Name                    : "data_memory.prj"
Input Format                       : mixed
Ignore Synthesis Constraint File   : NO

---- Target Parameters
Output File Name                   : "data_memory"
Output Format                      : NGC
Target Device                      : xc3s500e-4-fg320

---- Source Options
Top Module Name                    : data_memory
Automatic FSM Extraction           : YES
FSM Encoding Algorithm             : Auto
Safe Implementation                : No
FSM Style                          : LUT
RAM Extraction                     : Yes
RAM Style                          : Auto
ROM Extraction                     : Yes
Mux Style                          : Auto
Decoder Extraction                 : YES
Priority Encoder Extraction        : Yes
Shift Register Extraction          : YES
Logical Shifter Extraction         : YES
XOR Collapsing                     : YES
ROM Style                          : Auto
Mux Extraction                     : Yes
Resource Sharing                   : YES
Asynchronous To Synchronous        : NO
Multiplier Style                   : Auto
Automatic Register Balancing       : No

---- Target Options
Add IO Buffers                     : YES
Global Maximum Fanout              : 100000
Add Generic Clock Buffer(BUFG)     : 24
Register Duplication               : YES
Slice Packing                      : YES
Optimize Instantiated Primitives   : NO
Use Clock Enable                   : Yes
Use Synchronous Set                : Yes
Use Synchronous Reset              : Yes
Pack IO Registers into IOBs        : Auto
Equivalent register Removal        : YES

---- General Options
Optimization Goal                  : Speed
Optimization Effort                : 1
Keep Hierarchy                     : No
Netlist Hierarchy                  : As_Optimized
RTL Output                         : Yes
Global Optimization                : AllClockNets
Read Cores                         : YES
Write Timing Constraints           : NO
Cross Clock Analysis               : NO
Hierarchy Separator                : /
Bus Delimiter                      : <>
Case Specifier                     : Maintain
Slice Utilization Ratio            : 100
BRAM Utilization Ratio             : 100
Verilog 2001                       : YES
Auto BRAM Packing                  : NO
Slice Utilization Ratio Delta      : 5

=========================================================================


=========================================================================
*                          HDL Compilation                              *
=========================================================================
Compiling verilog file "data_memory.v" in library work
Module <data_memory> compiled
No errors in compilation
Analysis of file <"data_memory.prj"> succeeded.
 

=========================================================================
*                     Design Hierarchy Analysis                         *
=========================================================================
Analyzing hierarchy for module <data_memory> in library <work>.


=========================================================================
*                            HDL Analysis                               *
=========================================================================
Analyzing top module <data_memory>.
INFO:Xst:1607 - Contents of array <memFile> may be accessed with an index that does not cover the full array size.
WARNING:Xst:905 - "data_memory.v" line 33: One or more signals are missing in the sensitivity list of always block. To enable synthesis of FPGA/CPLD hardware, XST will assume that all necessary signals are present in the sensitivity list. Please note that the result of the synthesis may differ from the initial design specification. The missing signals are:
   <memFile>
INFO:Xst:1607 - Contents of array <memFile> may be accessed with an index that does not cover the full array size.
Module <data_memory> is correct for synthesis.
 

=========================================================================
*                           HDL Synthesis                               *
=========================================================================

Performing bidirectional port resolution...

Synthesizing Unit <data_memory>.
    Related source file is "data_memory.v".
WARNING:Xst:647 - Input <address<31:7>> is never used. This port will be preserved and left unconnected if it belongs to a top-level block or it belongs to a sub-block and the hierarchy of this sub-block is preserved.
    Found 128x32-bit single-port RAM <Mram_memFile> for signal <memFile>.
WARNING:Xst:737 - Found 32-bit latch for signal <readData>. Latches may be generated from incomplete case or if statements. We do not recommend the use of latches in FPGA/CPLD designs, as they may lead to timing problems.
    Summary:
	inferred   1 RAM(s).
Unit <data_memory> synthesized.


=========================================================================
HDL Synthesis Report

Macro Statistics
# RAMs                                                 : 1
 128x32-bit single-port RAM                            : 1
# Latches                                              : 1
 32-bit latch                                          : 1

=========================================================================

=========================================================================
*                       Advanced HDL Synthesis                          *
=========================================================================


Synthesizing (advanced) Unit <data_memory>.
INFO:Xst:3218 - HDL ADVISOR - The RAM <Mram_memFile> will be implemented on LUTs either because you have described an asynchronous read or because of currently unsupported block RAM features. If you have described an asynchronous read, making it synchronous would allow you to take advantage of available block RAM resources, for optimized device usage and improved timings. Please refer to your documentation for coding guidelines.
    -----------------------------------------------------------------------
    | ram_type           | Distributed                         |          |
    -----------------------------------------------------------------------
    | Port A                                                              |
    |     aspect ratio   | 128-word x 32-bit                   |          |
    |     clkA           | connected to signal <clock_in>      | fall     |
    |     weA            | connected to signal <memWrite>      | high     |
    |     addrA          | connected to signal <address>       |          |
    |     diA            | connected to signal <writeData>     |          |
    |     doA            | connected to internal node          |          |
    -----------------------------------------------------------------------
Unit <data_memory> synthesized (advanced).

=========================================================================
Advanced HDL Synthesis Report

Macro Statistics
# RAMs                                                 : 1
 128x32-bit single-port distributed RAM                : 1
# Latches                                              : 1
 32-bit latch                                          : 1

=========================================================================

=========================================================================
*                         Low Level Synthesis                           *
=========================================================================

Optimizing unit <data_memory> ...

Mapping all equations...
Building and optimizing final netlist ...
Found area constraint ratio of 100 (+ 5) on block data_memory, actual ratio is 3.

Final Macro Processing ...

=========================================================================
Final Register Report

Found no macro
=========================================================================

=========================================================================
*                           Partition Report                            *
=========================================================================

Partition Implementation Status
-------------------------------

  No Partitions were found in this design.

-------------------------------

=========================================================================
*                            Final Report                               *
=========================================================================
Final Results
RTL Top Level Output File Name     : data_memory.ngr
Top Level Output File Name         : data_memory
Output Format                      : NGC
Optimization Goal                  : Speed
Keep Hierarchy                     : No

Design Statistics
# IOs                              : 99

Cell Usage :
# BELS                             : 101
#      INV                         : 1
#      LUT3                        : 68
#      MUXF5                       : 32
# FlipFlops/Latches                : 32
#      LD                          : 32
# RAMS                             : 128
#      RAM32X1S                    : 128
# Clock Buffers                    : 2
#      BUFGP                       : 2
# IO Buffers                       : 72
#      IBUF                        : 40
#      OBUF                        : 32
=========================================================================

Device utilization summary:
---------------------------

Selected Device : 3s500efg320-4 

 Number of Slices:                      162  out of   4656     3%  
 Number of 4 input LUTs:                325  out of   9312     3%  
    Number used as logic:                69
    Number used as RAMs:                256
 Number of IOs:                          99
 Number of bonded IOBs:                  74  out of    232    31%  
    IOB Flip Flops:                      32
 Number of GCLKs:                         2  out of     24     8%  

---------------------------
Partition Resource Summary:
---------------------------

  No Partitions were found in this design.

---------------------------


=========================================================================
TIMING REPORT

NOTE: THESE TIMING NUMBERS ARE ONLY A SYNTHESIS ESTIMATE.
      FOR ACCURATE TIMING INFORMATION PLEASE REFER TO THE TRACE REPORT
      GENERATED AFTER PLACE-and-ROUTE.

Clock Information:
------------------
-----------------------------------+------------------------+-------+
Clock Signal                       | Clock buffer(FF name)  | Load  |
-----------------------------------+------------------------+-------+
clock_in                           | BUFGP                  | 128   |
memRead                            | BUFGP                  | 32    |
-----------------------------------+------------------------+-------+

Asynchronous Control Signals Information:
----------------------------------------
No asynchronous control signals found in this design

Timing Summary:
---------------
Speed Grade: -4

   Minimum period: No path found
   Minimum input arrival time before clock: 5.485ns
   Maximum output required time after clock: 4.368ns
   Maximum combinational path delay: No path found

Timing Detail:
--------------
All values displayed in nanoseconds (ns)

=========================================================================
Timing constraint: Default OFFSET IN BEFORE for Clock 'memRead'
  Total number of paths / destination ports: 736 / 32
-------------------------------------------------------------------------
Offset:              5.485ns (Levels of Logic = 4)
  Source:            address<0> (PAD)
  Destination:       readData_0 (LATCH)
  Destination Clock: memRead falling

  Data Path: address<0> to readData_0
                                Gate     Net
    Cell:in->out      fanout   Delay   Delay  Logical Name (Net Name)
    ----------------------------------------  ------------
     IBUF:I->O           512   1.218   1.410  address_0_IBUF (address_0_IBUF)
     RAM32X1S:A0->O        1   1.025   0.499  Mram_memFile1 (N6)
     LUT3:I1->O            1   0.704   0.000  inst_LPM_MUX_4 (inst_LPM_MUX_4)
     MUXF5:I0->O           1   0.321   0.000  inst_LPM_MUX_2_f5 (_varindex0000<0>)
     LD:D                      0.308          readData_0
    ----------------------------------------
    Total                      5.485ns (3.576ns logic, 1.909ns route)
                                       (65.2% logic, 34.8% route)

=========================================================================
Timing constraint: Default OFFSET IN BEFORE for Clock 'clock_in'
  Total number of paths / destination ports: 1152 / 896
-------------------------------------------------------------------------
Offset:              5.025ns (Levels of Logic = 2)
  Source:            address<5> (PAD)
  Destination:       Mram_memFile1 (RAM)
  Destination Clock: clock_in falling

  Data Path: address<5> to Mram_memFile1
                                Gate     Net
    Cell:in->out      fanout   Delay   Delay  Logical Name (Net Name)
    ----------------------------------------  ------------
     IBUF:I->O            68   1.218   1.449  address_5_IBUF (address_5_IBUF)
     LUT3:I0->O           32   0.704   1.262  write_ctrl (write_ctrl)
     RAM32X1S:WE               0.392          Mram_memFile1
    ----------------------------------------
    Total                      5.025ns (2.314ns logic, 2.711ns route)
                                       (46.1% logic, 53.9% route)

=========================================================================
Timing constraint: Default OFFSET OUT AFTER for Clock 'memRead'
  Total number of paths / destination ports: 32 / 32
-------------------------------------------------------------------------
Offset:              4.368ns (Levels of Logic = 1)
  Source:            readData_31 (LATCH)
  Destination:       readData<31> (PAD)
  Source Clock:      memRead falling

  Data Path: readData_31 to readData<31>
                                Gate     Net
    Cell:in->out      fanout   Delay   Delay  Logical Name (Net Name)
    ----------------------------------------  ------------
     LD:G->Q               1   0.676   0.420  readData_31 (readData_31)
     OBUF:I->O                 3.272          readData_31_OBUF (readData<31>)
    ----------------------------------------
    Total                      4.368ns (3.948ns logic, 0.420ns route)
                                       (90.4% logic, 9.6% route)

=========================================================================


Total REAL time to Xst completion: 4.00 secs
Total CPU time to Xst completion: 4.15 secs
 
--> 

Total memory usage is 211680 kilobytes

Number of errors   :    0 (   0 filtered)
Number of warnings :    3 (   0 filtered)
Number of infos    :    3 (   0 filtered)

