Running: C:\Xilinx\13.4\ISE_DS\ISE\bin\nt\unwrapped\fuse.exe -intstyle ise -incremental -lib unisims_ver -lib unimacro_ver -lib xilinxcorelib_ver -o E:/codjstu_design/lab3/test_for_alu_isim_beh.exe -prj E:/codjstu_design/lab3/test_for_alu_beh.prj work.test_for_alu work.glbl 
ISim O.87xd (signature 0x2f00eba5)
Number of CPUs detected in this system: 4
Turning on mult-threading, number of parallel sub-compilation jobs: 8 
Determining compilation order of HDL files
Analyzing Verilog file "E:/codjstu_design/lab3/alu.v" into library work
Analyzing Verilog file "E:/codjstu_design/lab3/test_for_alu.v" into library work
Analyzing Verilog file "C:/Xilinx/13.4/ISE_DS/ISE//verilog/src/glbl.v" into library work
Starting static elaboration
Completed static elaboration
Fuse Memory Usage: 105304 KB
Fuse CPU Usage: 186 ms
Compiling module alu
Compiling module test_for_alu
Compiling module glbl
Time Resolution for simulation is 1ps.
Compiled 3 Verilog Units
Built simulation executable E:/codjstu_design/lab3/test_for_alu_isim_beh.exe
Fuse Memory Usage: 109896 KB
Fuse CPU Usage: 202 ms
